INFO (02/04/2024 09:21:21 PM): Folder Already Exists for Hydrated Iron Sulfate (Line: 26 [mossbauerAnalysis.py])
INFO (02/04/2024 09:21:21 PM): Analysis Successful, Compound: Hydrated Iron Sulfate (Line: 16 [mossbauer.py])
INFO (03/04/2024 02:20:25 PM): Folder Already Exists for Iron 57 (Line: 32 [mossbauerAnalysis.py])
INFO (03/04/2024 02:25:36 PM): Folder Already Exists for Iron 57 (Line: 32 [mossbauerAnalysis.py])
INFO (03/04/2024 02:30:05 PM): Folder Already Exists for Iron 57 (Line: 32 [mossbauerAnalysis.py])
INFO (03/04/2024 02:30:58 PM): Folder Already Exists for Iron 57 (Line: 32 [mossbauerAnalysis.py])
INFO (03/04/2024 02:32:00 PM): Folder Already Exists for Iron 57 (Line: 32 [mossbauerAnalysis.py])
INFO (03/04/2024 02:32:57 PM): Folder Already Exists for Iron 57 (Line: 32 [mossbauerAnalysis.py])
INFO (03/04/2024 02:33:47 PM): Folder Already Exists for Iron 57 (Line: 32 [mossbauerAnalysis.py])
INFO (03/04/2024 02:35:07 PM): Folder Already Exists for Iron 57 (Line: 32 [mossbauerAnalysis.py])
INFO (03/04/2024 02:35:31 PM): Folder Already Exists for Iron 57 (Line: 32 [mossbauerAnalysis.py])
INFO (03/04/2024 02:35:58 PM): Folder Already Exists for Iron 57 (Line: 32 [mossbauerAnalysis.py])
INFO (03/04/2024 02:36:44 PM): Folder Already Exists for Iron 57 (Line: 32 [mossbauerAnalysis.py])
INFO (03/04/2024 02:37:19 PM): Folder Already Exists for Iron 57 (Line: 32 [mossbauerAnalysis.py])
INFO (03/04/2024 02:37:51 PM): Folder Already Exists for Iron 57 (Line: 32 [mossbauerAnalysis.py])
INFO (03/04/2024 02:40:10 PM): Folder Already Exists for Iron 57 (Line: 32 [mossbauerAnalysis.py])
INFO (03/04/2024 02:41:09 PM): Folder Already Exists for Iron 57 (Line: 32 [mossbauerAnalysis.py])
INFO (03/04/2024 02:42:33 PM): Folder Already Exists for Iron 57 (Line: 32 [mossbauerAnalysis.py])
INFO (03/04/2024 02:49:16 PM): Folder Already Exists for Iron 57 (Line: 32 [mossbauerAnalysis.py])
INFO (03/04/2024 02:49:51 PM): Folder Already Exists for Iron 57 (Line: 32 [mossbauerAnalysis.py])
INFO (03/04/2024 02:50:08 PM): Folder Already Exists for Iron 57 (Line: 32 [mossbauerAnalysis.py])
INFO (03/04/2024 02:51:59 PM): Folder Already Exists for Iron 57 (Line: 32 [mossbauerAnalysis.py])
INFO (03/04/2024 02:52:00 PM): Analysis Successful, Compound: Iron 57 (Line: 19 [mossbauer.py])
INFO (03/04/2024 02:54:04 PM): Folder Already Exists for Iron 57 (Line: 33 [mossbauerAnalysis.py])
INFO (03/04/2024 02:54:04 PM): Analysis Successful, Compound: Iron 57 (Line: 19 [mossbauer.py])
INFO (03/04/2024 02:54:56 PM): Folder Already Exists for Iron 57 (Line: 33 [mossbauerAnalysis.py])
INFO (03/04/2024 02:54:56 PM): Analysis Successful, Compound: Iron 57 (Line: 16 [mossbauer.py])
INFO (03/04/2024 03:09:46 PM): Folder Already Exists for Iron 57 (Line: 29 [mossbauerAnalysis.py])
INFO (03/04/2024 03:09:47 PM): Analysis Successful, Compound: Iron 57 (Line: 16 [mossbauer.py])
INFO (03/04/2024 03:11:31 PM): Folder Already Exists for Iron 57 (Line: 29 [mossbauerAnalysis.py])
INFO (03/04/2024 03:11:31 PM): Analysis Successful, Compound: Iron 57 (Line: 16 [mossbauer.py])
INFO (03/04/2024 03:14:43 PM): Folder Already Exists for Iron 57 (Line: 29 [mossbauerAnalysis.py])
INFO (03/04/2024 03:14:43 PM): Analysis Successful, Compound: Iron 57 (Line: 16 [mossbauer.py])
INFO (03/04/2024 03:15:51 PM): Folder Already Exists for Iron 57 (Line: 29 [mossbauerAnalysis.py])
INFO (03/04/2024 03:16:16 PM): Folder Already Exists for Iron 57 (Line: 29 [mossbauerAnalysis.py])
INFO (03/04/2024 03:16:16 PM): Analysis Successful, Compound: Iron 57 (Line: 16 [mossbauer.py])
INFO (04/04/2024 12:35:38 PM): Folder Already Exists for Iron 57 (Line: 27 [mossbauerAnalysis.py])
INFO (04/04/2024 12:35:39 PM): Analysis Successful, Compound: Iron 57 (Line: 16 [mossbauer.py])
INFO (04/04/2024 04:55:48 PM): Folder Created for Ferrocyanide (Line: 24 [mossbauerAnalysis.py])
INFO (04/04/2024 04:55:49 PM): Analysis Successful, Compound: Ferrocyanide (Line: 16 [mossbauer.py])
INFO (04/04/2024 05:03:20 PM): Folder Already Exists for Ferrocyanide (Line: 27 [mossbauerAnalysis.py])
INFO (04/04/2024 05:03:20 PM): Analysis Successful, Compound: Ferrocyanide (Line: 16 [mossbauer.py])
INFO (04/04/2024 05:04:13 PM): Folder Already Exists for Ferrocyanide (Line: 27 [mossbauerAnalysis.py])
INFO (04/04/2024 05:04:14 PM): Analysis Successful, Compound: Ferrocyanide (Line: 16 [mossbauer.py])
INFO (04/04/2024 05:07:29 PM): Folder Already Exists for Ferrocyanide (Line: 27 [mossbauerAnalysis.py])
INFO (04/04/2024 05:07:29 PM): Analysis Successful, Compound: Ferrocyanide (Line: 16 [mossbauer.py])
INFO (04/04/2024 10:46:24 PM): Folder Already Exists for Iron 57 (Line: 27 [mossbauerAnalysis.py])
INFO (04/04/2024 10:47:22 PM): Folder Already Exists for Iron 57 (Line: 27 [mossbauerAnalysis.py])
INFO (04/04/2024 10:47:23 PM): Analysis Successful, Compound: Iron 57 (Line: 16 [mossbauer.py])
INFO (04/04/2024 10:47:58 PM): Folder Already Exists for Hydrated Iron Sulfate (Line: 27 [mossbauerAnalysis.py])
INFO (04/04/2024 10:47:58 PM): Analysis Successful, Compound: Hydrated Iron Sulfate (Line: 16 [mossbauer.py])
INFO (04/04/2024 10:48:31 PM): Folder Already Exists for Ferrocyanide (Line: 27 [mossbauerAnalysis.py])
INFO (04/04/2024 10:48:31 PM): Analysis Successful, Compound: Ferrocyanide (Line: 16 [mossbauer.py])
INFO (10/04/2024 01:55:09 PM): Folder Already Exists for Ferrocyanide (Line: 27 [mossbauerAnalysis.py])
INFO (10/04/2024 01:55:09 PM): Analysis Successful, Compound: Ferrocyanide (Line: 16 [mossbauer.py])
INFO (10/04/2024 02:09:48 PM): Folder Already Exists for Ferrocyanide (Line: 27 [mossbauerAnalysis.py])
INFO (10/04/2024 02:10:16 PM): Folder Already Exists for Ferrocyanide (Line: 27 [mossbauerAnalysis.py])
INFO (10/04/2024 02:10:16 PM): Analysis Successful, Compound: Ferrocyanide (Line: 16 [mossbauer.py])
INFO (10/04/2024 02:13:44 PM): Folder Already Exists for Ferrocyanide (Line: 27 [mossbauerAnalysis.py])
INFO (10/04/2024 02:13:45 PM): Analysis Successful, Compound: Ferrocyanide (Line: 16 [mossbauer.py])
INFO (10/04/2024 02:16:10 PM): Folder Already Exists for Ferrocyanide (Line: 27 [mossbauerAnalysis.py])
INFO (10/04/2024 02:16:10 PM): Analysis Successful, Compound: Ferrocyanide (Line: 16 [mossbauer.py])
INFO (15/04/2024 01:43:52 PM): Folder Created for Stainless Steel (Line: 24 [mossbauerAnalysis.py])
INFO (15/04/2024 01:43:53 PM): Analysis Successful, Compound: Stainless Steel (Line: 16 [mossbauer.py])
INFO (15/04/2024 01:46:34 PM): Folder Already Exists for Stainless Steel (Line: 27 [mossbauerAnalysis.py])
INFO (15/04/2024 01:46:34 PM): Analysis Successful, Compound: Stainless Steel (Line: 16 [mossbauer.py])
INFO (15/04/2024 10:18:50 PM): Folder Already Exists for Iron 57 (Line: 27 [mossbauerAnalysis.py])
INFO (15/04/2024 10:18:51 PM): Analysis Successful, Compound: Iron 57 (Line: 16 [mossbauer.py])
INFO (15/04/2024 10:20:34 PM): Folder Already Exists for Iron 57 (Line: 27 [mossbauerAnalysis.py])
INFO (15/04/2024 10:20:34 PM): Analysis Successful, Compound: Iron 57 (Line: 16 [mossbauer.py])
INFO (15/04/2024 10:38:15 PM): Folder Already Exists for Ferrocyanide (Line: 27 [mossbauerAnalysis.py])
INFO (15/04/2024 10:38:16 PM): Analysis Successful, Compound: Ferrocyanide (Line: 16 [mossbauer.py])
INFO (15/04/2024 10:38:53 PM): Folder Already Exists for Hydrated Iron Sulfate (Line: 27 [mossbauerAnalysis.py])
INFO (15/04/2024 10:38:54 PM): Analysis Successful, Compound: Hydrated Iron Sulfate (Line: 16 [mossbauer.py])
INFO (15/04/2024 10:39:37 PM): Folder Already Exists for Stainless Steel (Line: 27 [mossbauerAnalysis.py])
INFO (15/04/2024 10:39:37 PM): Analysis Successful, Compound: Stainless Steel (Line: 16 [mossbauer.py])
